<?xml version="1.0" encoding="UTF-8"?>
<testsuite xmlns:xsi="http://www.w3.org/2001/XMLSchema-instance" xsi:noNamespaceSchemaLocation="https://maven.apache.org/surefire/maven-surefire-plugin/xsd/surefire-test-report-3.0.xsd" version="3.0" name="com.ai.library.AnalyticsControllerTest" time="10.307" tests="1" errors="0" skipped="0" failures="0">
  <properties>
[...]
</properties>
  <testcase name="overviewReturnsKeys" classname="com.ai.library.AnalyticsControllerTest" time="1.347">
    <system-out><![CDATA[10:54:42.412 [main] INFO org.springframework.test.context.support.AnnotationConfigContextLoaderUtils -- Could not detect default configuration classes for test class [com.ai.library.AnalyticsControllerTest]: AnalyticsControllerTest does not declare any static, non-private, non-final, nested classes annotated with @Configuration.
10:54:42.635 [main] INFO org.springframework.boot.test.context.SpringBootTestContextBootstrapper -- Found @SpringBootConfiguration com.ai.library.AiLibraryApplication for test class com.ai.library.AnalyticsControllerTest

  .   ____          _            __ _ _
 /\\ / ___'_ __ _ _(_)_ __  __ _ \ \ \ \
( ( )\___ | '_ | '_| | '_ \/ _` | \ \ \ \
 \\/  ___)| |_)| | | | | || (_| |  ) ) ) )
  '  |____| .__|_| |_|_| |_\__, | / / / /
 =========|_|==============|___/=/_/_/_/
 :: Spring Boot ::                (v3.1.5)

2025-10-15T10:54:43.244+05:30  INFO 22992 --- [           main] com.ai.library.AnalyticsControllerTest   : Starting AnalyticsControllerTest using Java 23 with PID 22992 (started by PARAMHANS YADAV in C:\Users\PARAMHANS YADAV\OneDrive\Documents\AI_Liberary\Library_Backend)
2025-10-15T10:54:43.245+05:30 DEBUG 22992 --- [           main] com.ai.library.AnalyticsControllerTest   : Running with Spring Boot v3.1.5, Spring v6.0.13
2025-10-15T10:54:43.246+05:30  INFO 22992 --- [           main] com.ai.library.AnalyticsControllerTest   : No active profile set, falling back to 1 default profile: "default"
2025-10-15T10:54:44.317+05:30  INFO 22992 --- [           main] .s.d.r.c.RepositoryConfigurationDelegate : Bootstrapping Spring Data JPA repositories in DEFAULT mode.
2025-10-15T10:54:44.440+05:30  INFO 22992 --- [           main] .s.d.r.c.RepositoryConfigurationDelegate : Finished Spring Data repository scanning in 112 ms. Found 8 JPA repository interfaces.
2025-10-15T10:54:45.475+05:30  INFO 22992 --- [           main] o.s.b.w.embedded.tomcat.TomcatWebServer  : Tomcat initialized with port(s): 0 (http)
2025-10-15T10:54:45.488+05:30  INFO 22992 --- [           main] o.apache.catalina.core.StandardService   : Starting service [Tomcat]
2025-10-15T10:54:45.489+05:30  INFO 22992 --- [           main] o.apache.catalina.core.StandardEngine    : Starting Servlet engine: [Apache Tomcat/10.1.15]
2025-10-15T10:54:45.628+05:30  INFO 22992 --- [           main] o.a.c.c.C.[Tomcat].[localhost].[/]       : Initializing Spring embedded WebApplicationContext
2025-10-15T10:54:45.629+05:30  INFO 22992 --- [           main] w.s.c.ServletWebServerApplicationContext : Root WebApplicationContext: initialization completed in 2351 ms
2025-10-15T10:54:45.672+05:30  INFO 22992 --- [           main] com.zaxxer.hikari.HikariDataSource       : HikariPool-1 - Starting...
2025-10-15T10:54:45.949+05:30  INFO 22992 --- [           main] com.zaxxer.hikari.pool.HikariPool        : HikariPool-1 - Added connection conn0: url=jdbc:h2:mem:ailibrary user=SA
2025-10-15T10:54:45.953+05:30  INFO 22992 --- [           main] com.zaxxer.hikari.HikariDataSource       : HikariPool-1 - Start completed.
2025-10-15T10:54:45.970+05:30  INFO 22992 --- [           main] o.s.b.a.h2.H2ConsoleAutoConfiguration    : H2 console available at '/h2-console'. Database available at 'jdbc:h2:mem:ailibrary'
2025-10-15T10:54:46.135+05:30  INFO 22992 --- [           main] o.hibernate.jpa.internal.util.LogHelper  : HHH000204: Processing PersistenceUnitInfo [name: default]
2025-10-15T10:54:46.229+05:30  INFO 22992 --- [           main] org.hibernate.Version                    : HHH000412: Hibernate ORM core version 6.2.13.Final
2025-10-15T10:54:46.234+05:30  INFO 22992 --- [           main] org.hibernate.cfg.Environment            : HHH000406: Using bytecode reflection optimizer
2025-10-15T10:54:46.672+05:30  INFO 22992 --- [           main] o.s.o.j.p.SpringPersistenceUnitInfo      : No LoadTimeWeaver setup: ignoring JPA class transformer
2025-10-15T10:54:46.764+05:30  WARN 22992 --- [           main] org.hibernate.orm.deprecation            : HHH90000025: H2Dialect does not need to be specified explicitly using 'hibernate.dialect' (remove the property setting and it will be selected by default)
2025-10-15T10:54:48.102+05:30  INFO 22992 --- [           main] o.h.e.t.j.p.i.JtaPlatformInitiator       : HHH000489: No JTA platform available (set 'hibernate.transaction.jta.platform' to enable JTA platform integration)
2025-10-15T10:54:48.211+05:30  INFO 22992 --- [           main] j.LocalContainerEntityManagerFactoryBean : Initialized JPA EntityManagerFactory for persistence unit 'default'
2025-10-15T10:54:48.714+05:30 DEBUG 22992 --- [           main] c.a.l.security.JwtAuthenticationFilter   : Filter 'jwtAuthenticationFilter' configured for use
2025-10-15T10:54:48.826+05:30  INFO 22992 --- [           main] o.s.d.j.r.query.QueryEnhancerFactory     : Hibernate is in classpath; If applicable, HQL parser will be used.
2025-10-15T10:54:50.082+05:30  WARN 22992 --- [           main] JpaBaseConfiguration$JpaWebConfiguration : spring.jpa.open-in-view is enabled by default. Therefore, database queries may be performed during view rendering. Explicitly configure spring.jpa.open-in-view to disable this warning
2025-10-15T10:54:50.219+05:30  INFO 22992 --- [           main] o.s.s.web.DefaultSecurityFilterChain     : Will secure any request with [org.springframework.security.web.session.DisableEncodeUrlFilter@4e43a23a, org.springframework.security.web.context.request.async.WebAsyncManagerIntegrationFilter@291fbdc9, org.springframework.security.web.context.SecurityContextHolderFilter@5345b68c, org.springframework.security.web.header.HeaderWriterFilter@6f3b4c9a, org.springframework.security.web.authentication.logout.LogoutFilter@65d28ad4, com.ai.library.security.JwtAuthenticationFilter@7a05cdc8, org.springframework.security.web.savedrequest.RequestCacheAwareFilter@39ebf505, org.springframework.security.web.servletapi.SecurityContextHolderAwareRequestFilter@5f735240, org.springframework.security.web.authentication.AnonymousAuthenticationFilter@db5e88a, org.springframework.security.web.session.SessionManagementFilter@55b9ffd0, org.springframework.security.web.access.ExceptionTranslationFilter@3027fe42, org.springframework.security.web.access.intercept.AuthorizationFilter@5f571d96]
2025-10-15T10:54:50.803+05:30  INFO 22992 --- [           main] o.s.b.w.embedded.tomcat.TomcatWebServer  : Tomcat started on port(s): 56223 (http) with context path ''
2025-10-15T10:54:50.817+05:30  INFO 22992 --- [           main] com.ai.library.AnalyticsControllerTest   : Started AnalyticsControllerTest in 7.973 seconds (process running for 9.671)
2025-10-15T10:54:51.812+05:30  INFO 22992 --- [o-auto-1-exec-1] o.a.c.c.C.[Tomcat].[localhost].[/]       : Initializing Spring DispatcherServlet 'dispatcherServlet'
2025-10-15T10:54:51.812+05:30  INFO 22992 --- [o-auto-1-exec-1] o.s.web.servlet.DispatcherServlet        : Initializing Servlet 'dispatcherServlet'
2025-10-15T10:54:51.813+05:30  INFO 22992 --- [o-auto-1-exec-1] o.s.web.servlet.DispatcherServlet        : Completed initialization in 1 ms
]]></system-out>
    <system-err><![CDATA[WARNING: A Java agent has been loaded dynamically (C:\Users\PARAMHANS YADAV\.m2\repository\net\bytebuddy\byte-buddy-agent\1.14.9\byte-buddy-agent-1.14.9.jar)
WARNING: If a serviceability tool is in use, please run with -XX:+EnableDynamicAgentLoading to hide this warning
WARNING: If a serviceability tool is not in use, please run with -Djdk.instrument.traceUsage for more information
WARNING: Dynamic loading of agents will be disallowed by default in a future release
]]></system-err>
  </testcase>
</testsuite>