<?xml version="1.0" encoding="UTF-8"?>
<testsuite xmlns:xsi="http://www.w3.org/2001/XMLSchema-instance" xsi:noNamespaceSchemaLocation="https://maven.apache.org/surefire/maven-surefire-plugin/xsd/surefire-test-report-3.0.xsd" version="3.0" name="com.ai.library.RecommendationServiceTest" time="0.546" tests="1" errors="0" skipped="0" failures="0">
  <properties>
[...]
</properties>
  <testcase name="recommendsSimilarBooks" classname="com.ai.library.RecommendationServiceTest" time="0.031">
    <system-out><![CDATA[2025-10-15T10:54:57.455+05:30  INFO 22992 --- [           main] .b.t.c.SpringBootTestContextBootstrapper : Found @SpringBootConfiguration com.ai.library.AiLibraryApplication for test class com.ai.library.RecommendationServiceTest

  .   ____          _            __ _ _
 /\\ / ___'_ __ _ _(_)_ __  __ _ \ \ \ \
( ( )\___ | '_ | '_| | '_ \/ _` | \ \ \ \
 \\/  ___)| |_)| | | | | || (_| |  ) ) ) )
  '  |____| .__|_| |_|_| |_\__, | / / / /
 =========|_|==============|___/=/_/_/_/
 :: Spring Boot ::                (v3.1.5)

2025-10-15T10:54:57.481+05:30  INFO 22992 --- [           main] c.ai.library.RecommendationServiceTest   : Starting RecommendationServiceTest using Java 23 with PID 22992 (started by PARAMHANS YADAV in C:\Users\PARAMHANS YADAV\OneDrive\Documents\AI_Liberary\Library_Backend)
2025-10-15T10:54:57.481+05:30 DEBUG 22992 --- [           main] c.ai.library.RecommendationServiceTest   : Running with Spring Boot v3.1.5, Spring v6.0.13
2025-10-15T10:54:57.481+05:30  INFO 22992 --- [           main] c.ai.library.RecommendationServiceTest   : No active profile set, falling back to 1 default profile: "default"
2025-10-15T10:54:57.620+05:30  INFO 22992 --- [           main] .s.d.r.c.RepositoryConfigurationDelegate : Bootstrapping Spring Data JPA repositories in DEFAULT mode.
2025-10-15T10:54:57.651+05:30  INFO 22992 --- [           main] .s.d.r.c.RepositoryConfigurationDelegate : Finished Spring Data repository scanning in 31 ms. Found 8 JPA repository interfaces.
2025-10-15T10:54:57.661+05:30  INFO 22992 --- [           main] beddedDataSourceBeanFactoryPostProcessor : Replacing 'dataSource' DataSource bean with embedded version
2025-10-15T10:54:57.706+05:30  INFO 22992 --- [           main] o.s.j.d.e.EmbeddedDatabaseFactory        : Starting embedded database: url='jdbc:h2:mem:afdc34fd-24dc-4b65-9f3d-6ca2e9902430;DB_CLOSE_DELAY=-1;DB_CLOSE_ON_EXIT=false', username='sa'
2025-10-15T10:54:57.733+05:30  INFO 22992 --- [           main] o.hibernate.jpa.internal.util.LogHelper  : HHH000204: Processing PersistenceUnitInfo [name: default]
2025-10-15T10:54:57.741+05:30  INFO 22992 --- [           main] o.s.o.j.p.SpringPersistenceUnitInfo      : No LoadTimeWeaver setup: ignoring JPA class transformer
2025-10-15T10:54:57.743+05:30  WARN 22992 --- [           main] org.hibernate.orm.deprecation            : HHH90000025: H2Dialect does not need to be specified explicitly using 'hibernate.dialect' (remove the property setting and it will be selected by default)
2025-10-15T10:54:57.840+05:30  INFO 22992 --- [           main] o.h.e.t.j.p.i.JtaPlatformInitiator       : HHH000489: No JTA platform available (set 'hibernate.transaction.jta.platform' to enable JTA platform integration)
Hibernate: create table books (id bigint generated by default as identity, added_at date, author varchar(255), available_copies integer, ebook_path varchar(255), embedding_json clob, genre varchar(255), isbn varchar(255), summary varchar(4000), tags varchar(255), title varchar(255), total_copies integer, primary key (id))
Hibernate: create table discussions (id bigint generated by default as identity, content varchar(4000), created_at timestamp(6), title varchar(255), created_by_id bigint, primary key (id))
Hibernate: create table document_chunks (id bigint generated by default as identity, book_id bigint, content varchar(4000), embedding_json clob, primary key (id))
Hibernate: create table fine_policy (id bigint generated by default as identity, amount_per_day float(53) not null, primary key (id))
Hibernate: create table fines (id bigint generated by default as identity, amount float(53), paid boolean not null, reason varchar(255), user_id bigint, primary key (id))
Hibernate: create table payment (id bigint generated by default as identity, amount float(53) not null, method varchar(255), paid_at timestamp(6), transaction_id varchar(255), fine_id bigint, primary key (id))
Hibernate: create table transactions (id bigint generated by default as identity, borrowed_at timestamp(6), due_at timestamp(6), fine_amount float(53), returned_at timestamp(6), status tinyint check (status between 0 and 2), book_id bigint, user_id bigint, primary key (id))
Hibernate: create table user_roles (user_id bigint not null, roles varchar(255) check (roles in ('ROLE_ADMIN','ROLE_LIBRARIAN','ROLE_STUDENT')))
Hibernate: create table users (id bigint generated by default as identity, email varchar(255), full_name varchar(255), password varchar(255) not null, username varchar(255) not null, primary key (id))
Hibernate: alter table if exists payment drop constraint if exists UK_tacis04bqalsngo46yvxlo7yb
Hibernate: alter table if exists payment add constraint UK_tacis04bqalsngo46yvxlo7yb unique (transaction_id)
Hibernate: alter table if exists users drop constraint if exists UK_r43af9ap4edm43mmtq01oddj6
Hibernate: alter table if exists users add constraint UK_r43af9ap4edm43mmtq01oddj6 unique (username)
Hibernate: alter table if exists discussions add constraint FKjcomeht0jo5yyq6jt44kjlpp foreign key (created_by_id) references users
Hibernate: alter table if exists fines add constraint FK96m5dw0wvbckhnnwfeynue15y foreign key (user_id) references users
Hibernate: alter table if exists payment add constraint FKgu87op56aeswduhxm4k19vnfh foreign key (fine_id) references fines
Hibernate: alter table if exists transactions add constraint FKhwis5rd79vrejvuuuc513px7a foreign key (book_id) references books
Hibernate: alter table if exists transactions add constraint FKqwv7rmvc8va8rep7piikrojds foreign key (user_id) references users
Hibernate: alter table if exists user_roles add constraint FKhfh9dx7w3ubf1co1vdev94g3f foreign key (user_id) references users
2025-10-15T10:54:57.859+05:30  INFO 22992 --- [           main] j.LocalContainerEntityManagerFactoryBean : Initialized JPA EntityManagerFactory for persistence unit 'default'
2025-10-15T10:54:57.956+05:30  INFO 22992 --- [           main] c.ai.library.RecommendationServiceTest   : Started RecommendationServiceTest in 0.496 seconds (process running for 16.81)
Hibernate: insert into books (added_at,author,available_copies,ebook_path,embedding_json,genre,isbn,summary,tags,title,total_copies,id) values (?,?,?,?,?,?,?,?,?,?,?,default)
Hibernate: insert into books (added_at,author,available_copies,ebook_path,embedding_json,genre,isbn,summary,tags,title,total_copies,id) values (?,?,?,?,?,?,?,?,?,?,?,default)
Hibernate: insert into books (added_at,author,available_copies,ebook_path,embedding_json,genre,isbn,summary,tags,title,total_copies,id) values (?,?,?,?,?,?,?,?,?,?,?,default)
Hibernate: select b1_0.id,b1_0.added_at,b1_0.author,b1_0.available_copies,b1_0.ebook_path,b1_0.embedding_json,b1_0.genre,b1_0.isbn,b1_0.summary,b1_0.tags,b1_0.title,b1_0.total_copies from books b1_0
Hibernate: update books set added_at=?,author=?,available_copies=?,ebook_path=?,embedding_json=?,genre=?,isbn=?,summary=?,tags=?,title=?,total_copies=? where id=?
Hibernate: update books set added_at=?,author=?,available_copies=?,ebook_path=?,embedding_json=?,genre=?,isbn=?,summary=?,tags=?,title=?,total_copies=? where id=?
Hibernate: update books set added_at=?,author=?,available_copies=?,ebook_path=?,embedding_json=?,genre=?,isbn=?,summary=?,tags=?,title=?,total_copies=? where id=?
Hibernate: select b1_0.id,b1_0.added_at,b1_0.author,b1_0.available_copies,b1_0.ebook_path,b1_0.embedding_json,b1_0.genre,b1_0.isbn,b1_0.summary,b1_0.tags,b1_0.title,b1_0.total_copies from books b1_0
]]></system-out>
  </testcase>
</testsuite>